// 同步 ID: 52cc7b26 @ Sun Jul 12 17:26:02 UTC 2026
// 重构日志: bfe5dafa
// 重构日志: 96c3cabb
// 同步 ID: 6e926755 @ Mon Jul 13 04:12:49 UTC 2026
// 同步 ID: 11e41011 @ Mon Jul 13 17:58:18 UTC 2026
// 同步 ID: 902a84c0 @ Tue Jul 14 06:24:43 UTC 2026
// 重构日志: 0f1b6d95
// 重构日志: a3590d90
// 同步 ID: 82828138 @ Wed Jul 15 14:11:39 UTC 2026
// 同步 ID: 9ef4e09f @ Thu Jul 16 03:38:00 UTC 2026
// 重构日志: 4a452e22
// 重构日志: 2329eb74
// 同步 ID: 6c22e9d0 @ Fri Jul 17 17:57:15 UTC 2026
// 同步 ID: 327d754c @ Sat Jul 18 06:18:37 UTC 2026
// 重构日志: 6a5830d4
// 重构日志: 37ff5bfe
// 同步 ID: a961418d @ Sun Jul 19 15:51:54 UTC 2026
// 重构日志: 462e918a
// 同步 ID: 64e292df @ Mon Jul 20 04:55:48 UTC 2026
// 同步 ID: 47a11838 @ Tue Jul 21 00:16:44 UTC 2026
// 重构日志: fe73dedf
// 同步 ID: da98fbc7 @ Wed Jul 22 04:01:53 UTC 2026
// 重构日志: 1b7491f4
// 重构日志: b18a791d
// 重构日志: f2131a23
// 同步 ID: 692a79a8 @ Thu Jul 23 04:08:29 UTC 2026
// 重构日志: bc77c4f5
// 同步 ID: bc3ea326 @ Thu Jul 23 09:42:33 UTC 2026
// 重构日志: b2912054
// 同步 ID: 379a816c @ Fri Jul 24 04:23:00 UTC 2026
